Build started 10/24/2012 9:00:16 PM.
     1>Project "C:\Users\felix\Desktop\project\project\project\project.vcxproj" on node 2 (build target(s)).
     1>InitializeBuildStatus:
         Creating "Debug\project.unsuccessfulbuild" because "AlwaysCreate" was specified.
       ClCompile:
         All outputs are up-to-date.
       ManifestResourceCompile:
         All outputs are up-to-date.
       Link:
         d:\programs\VC\bin\link.exe /ERRORREPORT:PROMPT /OUT:"C:\Users\felix\Desktop\project\project\Debug\project.exe" /INCREMENTAL /NOLOGO /LIBPATH:"C:\SPROGRAMS\X\OgreSDK_vc10_v1-7-1\OgreSDK_vc10_v1-7-1\boost\lib" /LIBPATH:"C:\SPROGRAMS\X\OgreSDK_vc10_v1-7-1\OgreSDK_vc10_v1-7-1\lib\Debug" OgreMain_d.lib OIS_d.lib OgreTerrain_d.lib kernel32.lib user32.lib gdi32.lib winspool.lib comdlg32.lib advapi32.lib shell32.lib ole32.lib oleaut32.lib uuid.lib odbc32.lib odbccp32.lib /MANIFEST /ManifestFile:"Debug\project.exe.intermediate.manifest" /MANIFESTUAC:"level='asInvoker' uiAccess='false'" /DEBUG /PDB:"C:\Users\felix\Desktop\project\project\Debug\project.pdb" /SUBSYSTEM:WINDOWS /TLBID:1 /DYNAMICBASE /NXCOMPAT /IMPLIB:"C:\Users\felix\Desktop\project\project\Debug\project.lib" /MACHINE:X86 Debug\project.exe.embed.manifest.res
         Debug\BaseApplication.obj
         Debug\BasicTutorial4.obj
       Manifest:
         C:\Program Files\Microsoft SDKs\Windows\v7.0A\bin\mt.exe /nologo /verbose /out:"Debug\project.exe.embed.manifest" /manifest Debug\project.exe.intermediate.manifest
         All outputs are up-to-date.
       LinkEmbedManifest:
         All outputs are up-to-date.
         project.vcxproj -> C:\Users\felix\Desktop\project\project\Debug\project.exe
       PostBuildEvent:
         copy "C:\Users\felix\Desktop\project\project\Debug\\project.exe" "C:\SPROGRAMS\X\OgreSDK_vc10_v1-7-1\OgreSDK_vc10_v1-7-1\Bin\Debug"
         :VCEnd
                 1 file(s) copied.
       FinalizeBuildStatus:
         Deleting file "Debug\project.unsuccessfulbuild".
         Touching "Debug\project.lastbuildstate".
     1>Done Building Project "C:\Users\felix\Desktop\project\project\project\project.vcxproj" (build target(s)).

Build succeeded.

Time Elapsed 00:00:00.75
